<?xml version="1.0" encoding="UTF-8"?>
<!-- Generated by org.testng.reporters.JUnitReportReporter -->
<testsuite skipped="0" hostname="DESKTOP-LDS4O3B" name="OpenBrowser.initiate" tests="1" failures="0" timestamp="02 Jul 2019 05:53:28 GMT" time="25.476" errors="0">
  <testcase name="openbrowser" time="25.476" classname="OpenBrowser.initiate"/>
</testsuite> <!-- OpenBrowser.initiate -->
